2023.03.23 18:48:47 INFO  Started: Metals version 0.11.11 in workspace 'C:\Users\alexk\some_proj\some_project' for client Visual Studio Code 1.76.2.
SLF4J: No SLF4J providers were found.
SLF4J: Defaulting to no-operation (NOP) logger implementation
SLF4J: See https://www.slf4j.org/codes.html#noProviders for further details.
SLF4J: Class path contains SLF4J bindings targeting slf4j-api versions 1.7.x or earlier.
SLF4J: Ignoring binding found at [jar:file:/C:/Users/alexk/AppData/Local/Coursier/cache/v1/https/repo1.maven.org/maven2/com/outr/scribe-slf4j_2.13/3.11.0/scribe-slf4j_2.13-3.11.0.jar!/org/slf4j/impl/StaticLoggerBinder.class]
SLF4J: See https://www.slf4j.org/codes.html#ignoredBindings for an explanation.
2023.03.23 18:48:47 INFO  time: initialize in 0.47s
2023.03.23 18:48:49 WARN  Build server is not auto-connectable.
2023.03.23 18:48:49 WARN  no build target for: C:\Users\alexk\some_proj\some_project\build.sbt
2023.03.23 18:49:07 INFO  running 'C:\Program Files\Java\jdk-17.0.2\bin\java -Djline.terminal=jline.UnsupportedTerminal -Dsbt.log.noformat=true -Dfile.encoding=UTF-8 -jar C:\Users\alexk\AppData\Local\Temp\metals16991595003370865736\sbt-launch.jar -Dbloop.export-jar-classifiers=sources bloopInstall'
2023.03.23 18:49:09 INFO  [info] welcome to sbt 1.8.2 (Oracle Corporation Java 17.0.2)
2023.03.23 18:49:11 INFO  [info] loading settings for project some_project-build-build from metals.sbt ...
2023.03.23 18:49:11 INFO  [info] loading project definition from C:\Users\alexk\some_proj\some_project\project\project
2023.03.23 18:49:16 WARN  no build target for: C:\Users\alexk\some_proj\some_project\project\metals.sbt
2023.03.23 18:49:17 INFO  [info] loading settings for project some_project-build from metals.sbt ...
2023.03.23 18:49:17 INFO  [info] loading project definition from C:\Users\alexk\some_proj\some_project\project
Mar 23, 2023 6:49:24 PM org.eclipse.lsp4j.jsonrpc.services.GenericEndpoint notify
INFO: Unsupported notification method: $/setTrace
2023.03.23 18:49:25 INFO  [success] Generated .bloop\some_project-build.json
2023.03.23 18:49:25 INFO  [info] compiling 1 Scala source to C:\Users\alexk\some_proj\some_project\project\target\scala-2.12\sbt-1.0\classes ...
2023.03.23 18:49:25 INFO  [info] Non-compiled module 'compiler-bridge_2.12' for Scala 2.12.17. Compiling...
2023.03.23 18:49:32 INFO  [info]   Compilation completed in 7.261s.
2023.03.23 18:49:32 INFO  [info] done compiling
2023.03.23 18:49:32 INFO  [success] Total time: 16 s, completed Mar 23, 2023, 6:49:33 PM
2023.03.23 18:49:34 INFO  [info] loading settings for project root from build.sbt ...
2023.03.23 18:49:34 INFO  [info] set current project to some_project (in build file:/C:/Users/alexk/some_proj/some_project/)
2023.03.23 18:49:38 INFO  [success] Generated .bloop\root.json
2023.03.23 18:49:38 INFO  [success] Generated .bloop\root-test.json
2023.03.23 18:49:38 INFO  [success] Total time: 4 s, completed Mar 23, 2023, 6:49:38 PM
2023.03.23 18:49:38 INFO  time: ran 'sbt bloopInstall' in 30s
2023.03.23 18:49:38 INFO  Attempting to connect to the build server...
2023.03.23 18:49:38 INFO  Setting up current java home C:\Program Files\Java\jdk-17.0.2 in C:\Users\alexk\.bloop\bloop.json
